build/app/outputs/mapping/release/seeds.txt
com.mycompany.koderunstudio.MainActivity
com.mycompany.koderunstudio.MainActivity: MainActivity()
...
kotlinx.coroutines.ExecutorCoroutineDispatcher: ExecutorCoroutineDispatcher()
io.flutter.view.AccessibilityBridge$TextDirection: io.flutter.view.AccessibilityBridge$TextDirection[] values()
io.flutter.embedding.engine.FlutterJNI: void setAsyncWaitForVsyncDelegate(io.flutter.embedding.engine.FlutterJNI$AsyncWaitForVsyncDelegate)
androidx.window.core.Version: Version(int,int,int,java.lang.String,kotlin.jvm.internal.DefaultConstructorMarker)
io.flutter.plugins.GeneratedPluginRegistrant: GeneratedPluginRegistrant()
androidx.window.layout.SidecarCompat$TranslatingCallback: void onDeviceStateChanged(androidx.window.sidecar.SidecarDeviceState)
kotlin.jvm.internal.CallableReference: kotlin.reflect.KCallable compute()
androidx.core.view.WindowInsetsCompat$Impl21: boolean isConsumed()
org.chromium.support_lib_boundary.ProxyControllerBoundaryInterface: void clearProxyOverride(java.lang.Runnable,java.util.concurrent.Executor)
androidx.core.view.WindowInsetsCompat$BuilderImpl: androidx.core.view.WindowInsetsCompat build()
kotlin.jvm.internal.FunctionReferenceImpl: FunctionReferenceImpl(int,kotlin.reflect.KDeclarationContainer,java.lang.String,java.lang.String)
androidx.window.embedding.SplitRule: int getMinWidth()
androidx.window.layout.SidecarWindowBackend: void callbackRemovedForActivity(android.app.Activity)
io.flutter.embedding.engine.FlutterJNI: void dispatchSemanticsAction(int,io.flutter.view.AccessibilityBridge$Action,java.lang.Object)
androidx.window.embedding.SplitController: void initialize(android.content.Context,int)
io.flutter.embedding.engine.FlutterJNI: void onSurfaceDestroyed()
io.flutter.embedding.engine.FlutterJNI: boolean isCodePointEmojiModifier(int)
androidx.window.layout.WindowMetrics: WindowMetrics(android.graphics.Rect)
androidx.window.layout.ExtensionsWindowLayoutInfoAdapter: androidx.window.layout.FoldingFeature translate$window_release(android.app.Activity,androidx.window.extensions.layout.FoldingFeature)
androidx.window.layout.SidecarCompat$FirstAttachAdapter: SidecarCompat$FirstAttachAdapter(androidx.window.layout.SidecarCompat,android.app.Activity)
androidx.window.embedding.SplitRuleParser: androidx.window.embedding.SplitPairRule parseSplitPairRule(android.content.Context,android.content.res.XmlResourceParser)
androidx.window.layout.SidecarWindowBackend: androidx.window.layout.SidecarWindowBackend access$getGlobalInstance$cp()
androidx.window.embedding.SplitPlaceholderRule: boolean equals(java.lang.Object)
androidx.core.view.WindowInsetsCompat$Impl: void setStableInsets(androidx.core.graphics.Insets)
androidx.versionedparcelable.CustomVersionedParcelable: CustomVersionedParcelable()
io.flutter.embedding.engine.FlutterJNI: void prefetchDefaultFontManager()
kotlin.random.Random: Random()
org.chromium.support_lib_boundary.ServiceWorkerWebSettingsBoundaryInterface: void setBlockNetworkLoads(boolean)
androidx.window.layout.WindowInfoTracker$-CC: androidx.window.layout.WindowInfoTracker getOrCreate(android.content.Context)
io.flutter.plugin.platform.SingleViewPresentation: void onCreate(android.os.Bundle)
io.flutter.embedding.engine.FlutterJNI: void nativeDispatchPlatformMessage(long,java.lang.String,java.nio.ByteBuffer,int,int)
androidx.window.layout.HardwareFoldingFeature$Type: androidx.window.layout.HardwareFoldingFeature$Type access$getFOLD$cp()
kotlin.coroutines.jvm.internal.ContinuationImpl: kotlin.coroutines.Continuation intercepted()
androidx.window.embedding.ActivityRule: ActivityRule(java.util.Set,boolean,int,kotlin.jvm.internal.DefaultConstructorMarker)
io.flutter.embedding.engine.FlutterJNI: android.graphics.Bitmap getBitmap()
org.chromium.support_lib_boundary.WebSettingsBoundaryInterface: void setForceDarkBehavior(int)
kotlin.coroutines.AbstractCoroutineContextElement: kotlin.coroutines.CoroutineContext$Key getKey()
kotlinx.coroutines.channels.BufferOverflow: kotlinx.coroutines.channels.BufferOverflow valueOf(java.lang.String)
androidx.window.embedding.SplitPairRule: java.util.Set getFilters()