build/app/outputs/mapping/release/mapping.txt
# compiler: R8
# compiler_version: 3.3.70
# min_api: 21
# common_typos_disable
# {"id":"com.android.tools.r8.mapping","version":"2.0"}
# pg_map_id: a6d917b
# pg_map_hash: SHA-256 a6d917baaa80cdc597007e5d68aca00ce331b22b073d59e5f29e60d973cfc49c
...
com.tekartik.sqflite.SqlCommand -> o.d0:
    java.util.List rawArguments -> b
    java.lang.String sql -> a
    void bindTo(android.database.sqlite.SQLiteProgram) -> a
    java.util.List getRawSqlArguments() -> b
    java.lang.String getSql() -> c
    java.lang.Object[] getSqlArguments() -> d
    java.lang.Object[] getSqlArguments(java.util.List) -> e
    java.lang.Object toValue(java.lang.Object) -> f
com.tekartik.sqflite.Utils -> o.e0:
    java.util.List cursorRowToList(android.database.Cursor,int) -> a
    java.lang.Object cursorValue(android.database.Cursor,int) -> b
    java.util.Locale localeForLanguageTag21(java.lang.String) -> c
    java.util.Locale localeForLanguateTag(java.lang.String) -> d
com.tekartik.sqflite.dev.Debug -> p.a:
    boolean LOGV -> a
    boolean _EXTRA_LOGV -> b
    boolean EXTRA_LOGV -> c
com.tekartik.sqflite.operation.BaseOperation -> q.a:
    void success(java.lang.Object) -> a
    void error(java.lang.String,java.lang.String,java.lang.Object) -> b
    com.tekartik.sqflite.operation.OperationResult getOperationResult() -> n
com.tekartik.sqflite.operation.BaseReadOperation -> q.b:
    com.tekartik.sqflite.SqlCommand getSqlCommand() -> d
    boolean getNoResult() -> e
    java.lang.Boolean getInTransactionChange() -> f
    java.lang.Integer getTransactionId() -> g
    boolean hasNullTransactionId() -> h
    java.lang.Boolean getBoolean(java.lang.String) -> j
    boolean getContinueOnError() -> k
    java.lang.String getSql() -> l
    java.util.List getSqlArguments() -> m
com.tekartik.sqflite.operation.BatchOperation -> q.c:
    java.util.Map map -> a
    com.tekartik.sqflite.operation.BatchOperation$BatchOperationResult operationResult -> b
    boolean noResult -> c
    java.lang.Object getArgument(java.lang.String) -> c
    boolean getNoResult() -> e
    boolean hasArgument(java.lang.String) -> i
    com.tekartik.sqflite.operation.OperationResult getOperationResult() -> n
    java.util.Map getOperationError() -> o
    java.util.Map getOperationSuccessResult() -> p
    void handleError(io.flutter.plugin.common.MethodChannel$Result) -> q
    void handleErrorContinue(java.util.List) -> r
    void handleSuccess(java.util.List) -> s
com.tekartik.sqflite.operation.BatchOperation$BatchOperationResult -> q.c$a:
    com.tekartik.sqflite.operation.BatchOperation this$0 -> e
    java.lang.Object errorData -> d
    java.lang.Object result -> a
    java.lang.String errorMessage -> c
    java.lang.String errorCode -> b
    void success(java.lang.Object) -> a
    void error(java.lang.String,java.lang.String,java.lang.Object) -> b
com.tekartik.sqflite.operation.MethodCallOperation -> q.d:
    com.tekartik.sqflite.operation.MethodCallOperation$Result result -> a
    io.flutter.plugin.common.MethodCall methodCall -> b
    java.lang.Object getArgument(java.lang.String) -> c
    boolean hasArgument(java.lang.String) -> i
    com.tekartik.sqflite.operation.OperationResult getOperationResult() -> n
com.tekartik.sqflite.operation.MethodCallOperation$Result -> q.d$a:
    io.flutter.plugin.common.MethodChannel$Result result -> a
    com.tekartik.sqflite.operation.MethodCallOperation this$0 -> b
    void success(java.lang.Object) -> a
    void error(java.lang.String,java.lang.String,java.lang.Object) -> b
com.tekartik.sqflite.operation.Operation -> q.e:
    java.lang.Object getArgument(java.lang.String) -> c
    com.tekartik.sqflite.SqlCommand getSqlCommand() -> d
    boolean getNoResult() -> e
    java.lang.Boolean getInTransactionChange() -> f
    java.lang.Integer getTransactionId() -> g
    boolean hasNullTransactionId() -> h
    boolean hasArgument(java.lang.String) -> i
com.tekartik.sqflite.operation.OperationResult -> q.f:
    void success(java.lang.Object) -> a
    void error(java.lang.String,java.lang.String,java.lang.Object) -> b
com.tekartik.sqflite.operation.QueuedOperation -> q.g:
    java.lang.Runnable runnable -> b
    com.tekartik.sqflite.operation.Operation operation -> a
    void run() -> a