build/app/outputs/mapping/release/usage.txt
com.mycompany.koderunstudio.BuildConfig
com.mycompany.koderunstudio.R$attr
com.mycompany.koderunstudio.R$color
com.mycompany.koderunstudio.R$dimen
com.mycompany.koderunstudio.R$drawable
com.mycompany.koderunstudio.R$id
com.mycompany.koderunstudio.R$integer
com.mycompany.koderunstudio.R$layout
com.mycompany.koderunstudio.R$mipmap
com.mycompany.koderunstudio.R$string
com.mycompany.koderunstudio.R$style
com.mycompany.koderunstudio.R$styleable
com.mycompany.koderunstudio.R
...
androidx.activity.OnBackPressedCallback
androidx.activity.OnBackPressedDispatcher$LifecycleOnBackPressedCancellable:
    private final androidx.activity.OnBackPressedCallback mOnBackPressedCallback
    final synthetic androidx.activity.OnBackPressedDispatcher this$0
androidx.activity.OnBackPressedDispatcher:
    androidx.activity.Cancellable addCancellableCallback(androidx.activity.OnBackPressedCallback)
    public void onBackPressed()
androidx.core.app.ComponentActivity
androidx.fragment.app.Fragment$2:
    final synthetic androidx.fragment.app.Fragment this$0
androidx.fragment.app.Fragment
androidx.lifecycle.ClassesInfoCache$CallbackInfo
androidx.lifecycle.LiveData$LifecycleBoundObserver:
    final synthetic androidx.lifecycle.LiveData this$0
androidx.lifecycle.LiveData$ObserverWrapper:
    final androidx.lifecycle.Observer mObserver
    final synthetic androidx.lifecycle.LiveData this$0
androidx.lifecycle.LiveData
androidx.lifecycle.Observer
androidx.lifecycle.ReflectiveGenericLifecycleObserver:
    private final androidx.lifecycle.ClassesInfoCache$CallbackInfo mInfo
    private final java.lang.Object mWrapped
androidx.lifecycle.ViewModelStore
androidx.savedstate.Recreator:
    private void reflectiveNew(java.lang.String)
androidx.savedstate.SavedStateRegistry$1:
    final synthetic androidx.savedstate.SavedStateRegistry this$0
androidx.savedstate.SavedStateRegistry$AutoRecreated
androidx.savedstate.SavedStateRegistry:
    boolean mAllowingSavingState
    public android.os.Bundle consumeRestoredStateForKey(java.lang.String)
androidx.webkit.TracingConfig:
    public java.util.List getCustomIncludedCategories()
    public int getPredefinedCategories()
    public int getTracingMode()
androidx.webkit.WebMessagePortCompat$WebMessageCallbackCompat:
    public abstract void onMessage(androidx.webkit.WebMessagePortCompat,androidx.webkit.WebMessageCompat)
androidx.webkit.internal.ApiHelperForM$1:
    final synthetic androidx.webkit.WebMessagePortCompat$WebMessageCallbackCompat val$callback
androidx.webkit.internal.ApiHelperForM$2:
    final synthetic androidx.webkit.WebMessagePortCompat$WebMessageCallbackCompat val$callback
com.tekartik.sqflite.Utils:
    static java.util.Locale localeForLanguageTagPre21(java.lang.String)
io.flutter.Log:
    public static int ASSERT
    public static int DEBUG
    public static int ERROR
    public static int INFO
    public static int VERBOSE
    public static int WARN
    private static int logLevel
io.flutter.embedding.engine.FlutterEngineConnectionRegistry$FlutterEngineBroadcastReceiverPluginBinding
io.flutter.embedding.engine.FlutterEngineConnectionRegistry$FlutterEngineContentProviderPluginBinding
io.flutter.embedding.engine.FlutterEngineConnectionRegistry$FlutterEngineServicePluginBinding
io.flutter.embedding.engine.FlutterEngineConnectionRegistry:
    private io.flutter.embedding.engine.FlutterEngineConnectionRegistry$FlutterEngineBroadcastReceiverPluginBinding broadcastReceiverPluginBinding
    private io.flutter.embedding.engine.FlutterEngineConnectionRegistry$FlutterEngineContentProviderPluginBinding contentProviderPluginBinding
    private io.flutter.embedding.engine.FlutterEngineConnectionRegistry$FlutterEngineServicePluginBinding servicePluginBinding
io.flutter.embedding.engine.loader.ResourceExtractor:
    void waitForCompletion()
io.flutter.embedding.engine.systemchannels.PlatformChannel$PlatformMessageHandler$-CC
io.flutter.plugin.common.BinaryMessenger$-CC:
    public static io.flutter.plugin.common.BinaryMessenger$TaskQueue $default$makeBackgroundTaskQueue(io.flutter.plugin.common.BinaryMessenger,io.flutter.plugin.common.BinaryMessenger$TaskQueueOptions)
    public static void $default$setMessageHandler(io.flutter.plugin.common.BinaryMessenger,java.lang.String,io.flutter.plugin.common.BinaryMessenger$BinaryMessageHandler,io.flutter.plugin.common.BinaryMessenger$TaskQueue)
io.flutter.plugin.platform.PlatformPlugin$PlatformPluginDelegate$-CC